2023-05-19 20:00:56,044 =============================================================
2023-05-19 20:00:56,046 =============================================================
2023-05-19 20:00:56,047 Today is 2023-05-19 at 08:00 PM
2023-05-19 20:00:56,047 This file is running on: nt Windows 10
2023-05-19 20:00:56,047 The Python version is: 3.11.3
2023-05-19 20:00:56,048 The active conda environment is:  None
2023-05-19 20:00:56,049 The active pip environment is:    None
2023-05-19 20:00:56,049 The active environment path is:   C:\Program Files\WindowsApps\PythonSoftwareFoundation.Python.3.11_3.11.1008.0_x64__qbz5n2kfra8p0
2023-05-19 20:00:56,049 The current working directory is: C:\Users\Mikayla Rietgraf\datafun-02-functions\datafun-02-functions
2023-05-19 20:00:56,050 This source file is in:           C:\Users\Mikayla Rietgraf\datafun-02-functions\datafun-02-functions
2023-05-19 20:00:56,050 =============================================================
2023-05-19 20:00:56,050 =============================================================
2023-05-19 20:00:56,050 Explore some functions in the math module
2023-05-19 20:00:56,051 math.comb(5,1) = 5
2023-05-19 20:00:56,051 math.perm(5,1) = 5
2023-05-19 20:00:56,051 math.comb(5,3) = 10
2023-05-19 20:00:56,051 math.perm(5,3) = 60
2023-05-19 20:00:56,052 math.pi = 3.141592653589793
2023-05-19 20:00:56,052 math.degrees(2 * math.pi) = 360.0
2023-05-19 20:00:56,052 math.radians(180)         = 3.141592653589793
2023-05-19 20:00:56,053 
2023-05-19 20:00:56,053 TRY: Call get_circle_area_given_radius() function with a different values.
2023-05-19 20:00:56,053 CALLING get_circle_area(5)
2023-05-19 20:00:56,054 The circle area is 31.41592653589793
2023-05-19 20:00:56,054 CALLING get_circle_area(-16)
2023-05-19 20:00:56,054 The circle area is -100.53096491487338
2023-05-19 20:00:56,055 CALLING get_circle_area(inf)
2023-05-19 20:00:56,055 The circle area is inf
2023-05-19 20:00:56,055 CALLING get_circle_area(five)
2023-05-19 20:00:56,056 Error: can't multiply sequence by non-int of type 'float'
2023-05-19 20:00:56,056 
2023-05-19 20:00:56,056 TRY: Call get_circle_areas_given_list() function with a list of GOOD values
2023-05-19 20:00:56,058 CALLING get_circle_area([5, 10, 25, 30, 45, 50])
2023-05-19 20:00:56,059 CALLING get_circle_area(5)
2023-05-19 20:00:56,059 The circle area is 31.41592653589793
2023-05-19 20:00:56,060 r = 5, area=31.41592653589793
2023-05-19 20:00:56,060 CALLING get_circle_area(10)
2023-05-19 20:00:56,060 The circle area is 62.83185307179586
2023-05-19 20:00:56,061 r = 10, area=62.83185307179586
2023-05-19 20:00:56,061 CALLING get_circle_area(25)
2023-05-19 20:00:56,061 The circle area is 157.07963267948966
2023-05-19 20:00:56,062 r = 25, area=157.07963267948966
2023-05-19 20:00:56,062 CALLING get_circle_area(30)
2023-05-19 20:00:56,066 The circle area is 188.49555921538757
2023-05-19 20:00:56,067 r = 30, area=188.49555921538757
2023-05-19 20:00:56,067 CALLING get_circle_area(45)
2023-05-19 20:00:56,067 The circle area is 282.7433388230814
2023-05-19 20:00:56,068 r = 45, area=282.7433388230814
2023-05-19 20:00:56,068 CALLING get_circle_area(50)
2023-05-19 20:00:56,068 The circle area is 314.1592653589793
2023-05-19 20:00:56,068 r = 50, area=314.1592653589793
2023-05-19 20:00:56,069 
2023-05-19 20:00:56,069 TRY: Call get_circle_areas_given_list() function with a list that may include BAD values
2023-05-19 20:00:56,069 CALLING get_circle_area([-5, 0, inf, '30'])
2023-05-19 20:00:56,070 CALLING get_circle_area(-5)
2023-05-19 20:00:56,070 The circle area is -31.41592653589793
2023-05-19 20:00:56,070 r = -5, area=-31.41592653589793
2023-05-19 20:00:56,070 CALLING get_circle_area(0)
2023-05-19 20:00:56,071 The circle area is 0.0
2023-05-19 20:00:56,071 r = 0, area=0.0
2023-05-19 20:00:56,071 CALLING get_circle_area(inf)
2023-05-19 20:00:56,071 The circle area is inf
2023-05-19 20:00:56,072 r = inf, area=inf
2023-05-19 20:00:56,072 CALLING get_circle_area(30)
2023-05-19 20:00:56,072 Error: can't multiply sequence by non-int of type 'float'
2023-05-19 20:00:56,082 r = 30, area=None
