2023-05-19 20:01:09,236 =============================================================
2023-05-19 20:01:09,237 =============================================================
2023-05-19 20:01:09,237 Today is 2023-05-19 at 08:01 PM
2023-05-19 20:01:09,237 This file is running on: nt Windows 10
2023-05-19 20:01:09,237 The Python version is: 3.11.3
2023-05-19 20:01:09,238 The active conda environment is:  None
2023-05-19 20:01:09,238 The active pip environment is:    None
2023-05-19 20:01:09,238 The active environment path is:   C:\Program Files\WindowsApps\PythonSoftwareFoundation.Python.3.11_3.11.1008.0_x64__qbz5n2kfra8p0
2023-05-19 20:01:09,238 The current working directory is: C:\Users\Mikayla Rietgraf\datafun-02-functions\datafun-02-functions
2023-05-19 20:01:09,238 This source file is in:           C:\Users\Mikayla Rietgraf\datafun-02-functions\datafun-02-functions
2023-05-19 20:01:09,238 =============================================================
2023-05-19 20:01:09,238 =============================================================
2023-05-19 20:01:17,158 temp_1 = 44.0
2023-05-19 20:01:17,173 temp_2 = 33.0
2023-05-19 20:01:17,173 temp_3 = 22.0
2023-05-19 20:01:17,173 The sum is 99.0.
2023-05-19 20:01:17,173 The average is 33.0.
2023-05-19 20:01:17,174 The product is 31944.0.
2023-05-19 20:01:17,174 The smallest is 22.0.
2023-05-19 20:01:17,174 The largest is 44.0.
2023-05-19 20:01:17,174 The range is 22.0.
2023-05-19 20:01:17,174 It's above freezing at the Doggy Daycare!
2023-05-19 20:01:19,272 Script complete. See log file for details.
