2023-05-19 19:36:11,344 =============================================================
2023-05-19 19:36:11,351 =============================================================
2023-05-19 19:36:11,351 Today is 2023-05-19 at 07:36 PM
2023-05-19 19:36:11,351 This file is running on: nt Windows 10
2023-05-19 19:36:11,351 The Python version is: 3.11.3
2023-05-19 19:36:11,352 The active conda environment is:  None
2023-05-19 19:36:11,353 The active pip environment is:    None
2023-05-19 19:36:11,353 The active environment path is:   C:\Program Files\WindowsApps\PythonSoftwareFoundation.Python.3.11_3.11.1008.0_x64__qbz5n2kfra8p0
2023-05-19 19:36:11,353 The current working directory is: C:\Users\Mikayla Rietgraf\datafun-02-functions\datafun-02-functions
2023-05-19 19:36:11,354 This source file is in:           C:\Users\Mikayla Rietgraf\datafun-02-functions\datafun-02-functions
2023-05-19 19:36:11,354 =============================================================
2023-05-19 19:36:11,354 =============================================================
2023-05-19 19:36:11,354 math.comb(5,1) = 5
2023-05-19 19:36:11,354 math.perm(5,1) = 5
2023-05-19 19:36:11,354 get_area_of_pool(15,30) = 450
2023-05-19 19:36:11,354 get_area_of_pool(60,100) = 6000
2023-05-19 19:36:11,355 get_area_of_pool(4,4) = 16
2023-05-19 19:36:11,355 tot_num_of_guests(27,23) = 50 total guests
2023-05-19 19:36:11,355 inc_gained_from_guests(27,23) = $331.0 received today
2023-05-19 19:36:11,355 adult_to_children_ratio(27,23) = 1.17 adults to children
